<html>
<head>
<title>TestNG:  Test</title>
<link href="../testng.css" rel="stylesheet" type="text/css" />
<link href="../my-testng.css" rel="stylesheet" type="text/css" />

<style type="text/css">
.log { display: none;} 
.stack-trace { display: none;} 
</style>
<script type="text/javascript">
<!--
function flip(e) {
  current = e.style.display;
  if (current == 'block') {
    e.style.display = 'none';
    return 0;
  }
  else {
    e.style.display = 'block';
    return 1;
  }
}

function toggleBox(szDivId, elem, msg1, msg2)
{
  var res = -1;  if (document.getElementById) {
    res = flip(document.getElementById(szDivId));
  }
  else if (document.all) {
    // this is the way old msie versions work
    res = flip(document.all[szDivId]);
  }
  if(elem) {
    if(res == 0) elem.innerHTML = msg1; else elem.innerHTML = msg2;
  }

}

function toggleAllBoxes() {
  if (document.getElementsByTagName) {
    d = document.getElementsByTagName('div');
    for (i = 0; i < d.length; i++) {
      if (d[i].className == 'log') {
        flip(d[i]);
      }
    }
  }
}

// -->
</script>

</head>
<body>
<h2 align='center'>Test</h2><table border='1' align="center">
<tr>
<td>Tests passed/Failed/Skipped:</td><td>16/1/0</td>
</tr><tr>
<td>Started on:</td><td>Mon Jan 31 22:35:52 SAST 2022</td>
</tr>
<tr><td>Total time:</td><td>59 seconds (59074 ms)</td>
</tr><tr>
<td>Included groups:</td><td></td>
</tr><tr>
<td>Excluded groups:</td><td></td>
</tr>
</table><p/>
<small><i>(Hover the method name to see the test class name)</i></small><p/>
<table width='100%' border='1' class='invocation-failed'>
<tr><td colspan='4' align='center'><b>FAILED TESTS</b></td></tr>
<tr><td><b>Test method</b></td>
<td width="30%"><b>Exception</b></td>
<td width="10%"><b>Time (seconds)</b></td>
<td><b>Instance</b></td>
</tr>
<tr>
<td title='com.selenium.assessment.DeleteUser.delete()'><b>delete</b><br>Test class: com.selenium.assessment.DeleteUser</td>
<td><div><pre>org.openqa.selenium.NoSuchElementException: no such element: Unable to locate element: {&quot;method&quot;:&quot;css selector&quot;,&quot;selector&quot;:&quot;#ohrmList_chkSelectRecord_39&quot;}
  (Session info: chrome=97.0.4692.99)
For documentation on this error, please visit: https://selenium.dev/exceptions/#no_such_element
Build info: version: &apos;4.1.1&apos;, revision: &apos;e8fcc2cecf&apos;
System info: host: &apos;LAPTOP-J5FCD780&apos;, ip: &apos;192.168.43.111&apos;, os.name: &apos;Windows 10&apos;, os.arch: &apos;amd64&apos;, os.version: &apos;10.0&apos;, java.version: &apos;16.0.2&apos;
Driver info: org.openqa.selenium.chrome.ChromeDriver
Command: [fa3aacfd4130abb07a8197a60a6d9750, findElement {using=id, value=ohrmList_chkSelectRecord_39}]
Capabilities {acceptInsecureCerts: false, browserName: chrome, browserVersion: 97.0.4692.99, chrome: {chromedriverVersion: 97.0.4692.71 (adefa7837d02a..., userDataDir: C:\Users\MOSIMA~1.CHO\AppDa...}, goog:chromeOptions: {debuggerAddress: localhost:50943}, javascriptEnabled: true, networkConnectionEnabled: false, pageLoadStrategy: normal, platform: WINDOWS, platformName: WINDOWS, proxy: Proxy(), se:cdp: ws://localhost:50943/devtoo..., se:cdpVersion: 97.0.4692.99, setWindowRect: true, strictFileInteractability: false, timeouts: {implicit: 0, pageLoad: 300000, script: 30000}, unhandledPromptBehavior: dismiss and notify, webauthn:extension:credBlob: true, webauthn:extension:largeBlob: true, webauthn:virtualAuthenticators: true}
Session ID: fa3aacfd4130abb07a8197a60a6d9750
	at org.openqa.selenium.remote.codec.w3c.W3CHttpResponseCodec.createException(W3CHttpResponseCodec.java:200)
	at org.openqa.selenium.remote.codec.w3c.W3CHttpResponseCodec.decode(W3CHttpResponseCodec.java:133)
	at org.openqa.selenium.remote.codec.w3c.W3CHttpResponseCodec.decode(W3CHttpResponseCodec.java:53)
	at org.openqa.selenium.remote.HttpCommandExecutor.execute(HttpCommandExecutor.java:184)
	at org.openqa.selenium.remote.service.DriverCommandExecutor.invokeExecute(DriverCommandExecutor.java:167)
	at org.openqa.selenium.remote.service.DriverCommandExecutor.execute(DriverCommandExecutor.java:142)
	at org.openqa.selenium.remote.RemoteWebDriver.execute(RemoteWebDriver.java:543)
	at org.openqa.selenium.remote.ElementLocation$ElementFinder$2.findElement(ElementLocation.java:162)
	at org.openqa.selenium.remote.ElementLocation.findElement(ElementLocation.java:60)
	at org.openqa.selenium.remote.RemoteWebDriver.findElement(RemoteWebDriver.java:367)
	at org.openqa.selenium.remote.RemoteWebDriver.findElement(RemoteWebDriver.java:359)
	at com.selenium.assessment.DeleteUser.delete(DeleteUser.java:18)
	at java.base/java.util.ArrayList.forEach(ArrayList.java:1511)
... Removed 32 stack frames</pre></div><a href='#' onClick='toggleBox("stack-trace771666241", this, "Click to show all stack frames", "Click to hide stack frames")'>Click to show all stack frames</a>
<div class='stack-trace' id='stack-trace771666241'><pre>org.openqa.selenium.NoSuchElementException: no such element: Unable to locate element: {&quot;method&quot;:&quot;css selector&quot;,&quot;selector&quot;:&quot;#ohrmList_chkSelectRecord_39&quot;}
  (Session info: chrome=97.0.4692.99)
For documentation on this error, please visit: https://selenium.dev/exceptions/#no_such_element
Build info: version: &apos;4.1.1&apos;, revision: &apos;e8fcc2cecf&apos;
System info: host: &apos;LAPTOP-J5FCD780&apos;, ip: &apos;192.168.43.111&apos;, os.name: &apos;Windows 10&apos;, os.arch: &apos;amd64&apos;, os.version: &apos;10.0&apos;, java.version: &apos;16.0.2&apos;
Driver info: org.openqa.selenium.chrome.ChromeDriver
Command: [fa3aacfd4130abb07a8197a60a6d9750, findElement {using=id, value=ohrmList_chkSelectRecord_39}]
Capabilities {acceptInsecureCerts: false, browserName: chrome, browserVersion: 97.0.4692.99, chrome: {chromedriverVersion: 97.0.4692.71 (adefa7837d02a..., userDataDir: C:\Users\MOSIMA~1.CHO\AppDa...}, goog:chromeOptions: {debuggerAddress: localhost:50943}, javascriptEnabled: true, networkConnectionEnabled: false, pageLoadStrategy: normal, platform: WINDOWS, platformName: WINDOWS, proxy: Proxy(), se:cdp: ws://localhost:50943/devtoo..., se:cdpVersion: 97.0.4692.99, setWindowRect: true, strictFileInteractability: false, timeouts: {implicit: 0, pageLoad: 300000, script: 30000}, unhandledPromptBehavior: dismiss and notify, webauthn:extension:credBlob: true, webauthn:extension:largeBlob: true, webauthn:virtualAuthenticators: true}
Session ID: fa3aacfd4130abb07a8197a60a6d9750
	at java.base/jdk.internal.reflect.NativeConstructorAccessorImpl.newInstance0(Native Method)
	at java.base/jdk.internal.reflect.NativeConstructorAccessorImpl.newInstance(NativeConstructorAccessorImpl.java:78)
	at java.base/jdk.internal.reflect.DelegatingConstructorAccessorImpl.newInstance(DelegatingConstructorAccessorImpl.java:45)
	at java.base/java.lang.reflect.Constructor.newInstanceWithCaller(Constructor.java:499)
	at java.base/java.lang.reflect.Constructor.newInstance(Constructor.java:480)
	at org.openqa.selenium.remote.codec.w3c.W3CHttpResponseCodec.createException(W3CHttpResponseCodec.java:200)
	at org.openqa.selenium.remote.codec.w3c.W3CHttpResponseCodec.decode(W3CHttpResponseCodec.java:133)
	at org.openqa.selenium.remote.codec.w3c.W3CHttpResponseCodec.decode(W3CHttpResponseCodec.java:53)
	at org.openqa.selenium.remote.HttpCommandExecutor.execute(HttpCommandExecutor.java:184)
	at org.openqa.selenium.remote.service.DriverCommandExecutor.invokeExecute(DriverCommandExecutor.java:167)
	at org.openqa.selenium.remote.service.DriverCommandExecutor.execute(DriverCommandExecutor.java:142)
	at org.openqa.selenium.remote.RemoteWebDriver.execute(RemoteWebDriver.java:543)
	at org.openqa.selenium.remote.ElementLocation$ElementFinder$2.findElement(ElementLocation.java:162)
	at org.openqa.selenium.remote.ElementLocation.findElement(ElementLocation.java:60)
	at org.openqa.selenium.remote.RemoteWebDriver.findElement(RemoteWebDriver.java:367)
	at org.openqa.selenium.remote.RemoteWebDriver.findElement(RemoteWebDriver.java:359)
	at com.selenium.assessment.DeleteUser.delete(DeleteUser.java:18)
	at java.base/jdk.internal.reflect.NativeMethodAccessorImpl.invoke0(Native Method)
	at java.base/jdk.internal.reflect.NativeMethodAccessorImpl.invoke(NativeMethodAccessorImpl.java:78)
	at java.base/jdk.internal.reflect.DelegatingMethodAccessorImpl.invoke(DelegatingMethodAccessorImpl.java:43)
	at java.base/java.lang.reflect.Method.invoke(Method.java:567)
	at org.testng.internal.MethodInvocationHelper.invokeMethod(MethodInvocationHelper.java:133)
	at org.testng.internal.TestInvoker.invokeMethod(TestInvoker.java:598)
	at org.testng.internal.TestInvoker.invokeTestMethod(TestInvoker.java:173)
	at org.testng.internal.MethodRunner.runInSequence(MethodRunner.java:46)
	at org.testng.internal.TestInvoker$MethodInvocationAgent.invoke(TestInvoker.java:824)
	at org.testng.internal.TestInvoker.invokeTestMethods(TestInvoker.java:146)
	at org.testng.internal.TestMethodWorker.invokeTestMethods(TestMethodWorker.java:146)
	at org.testng.internal.TestMethodWorker.run(TestMethodWorker.java:128)
	at java.base/java.util.ArrayList.forEach(ArrayList.java:1511)
	at org.testng.TestRunner.privateRun(TestRunner.java:794)
	at org.testng.TestRunner.run(TestRunner.java:596)
	at org.testng.SuiteRunner.runTest(SuiteRunner.java:377)
	at org.testng.SuiteRunner.runSequentially(SuiteRunner.java:371)
	at org.testng.SuiteRunner.privateRun(SuiteRunner.java:332)
	at org.testng.SuiteRunner.run(SuiteRunner.java:276)
	at org.testng.SuiteRunnerWorker.runSuite(SuiteRunnerWorker.java:53)
	at org.testng.SuiteRunnerWorker.run(SuiteRunnerWorker.java:96)
	at org.testng.TestNG.runSuitesSequentially(TestNG.java:1212)
	at org.testng.TestNG.runSuitesLocally(TestNG.java:1134)
	at org.testng.TestNG.runSuites(TestNG.java:1063)
	at org.testng.TestNG.run(TestNG.java:1031)
	at org.testng.remote.AbstractRemoteTestNG.run(AbstractRemoteTestNG.java:115)
	at org.testng.remote.RemoteTestNG.initAndRun(RemoteTestNG.java:251)
	at org.testng.remote.RemoteTestNG.main(RemoteTestNG.java:77)
</pre></div></td>
<td>0</td>
<td>com.selenium.assessment.DeleteUser@55a147cc</td></tr>
</table><p>
<table width='100%' border='1' class='invocation-passed'>
<tr><td colspan='4' align='center'><b>PASSED TESTS</b></td></tr>
<tr><td><b>Test method</b></td>
<td width="30%"><b>Exception</b></td>
<td width="10%"><b>Time (seconds)</b></td>
<td><b>Instance</b></td>
</tr>
<tr>
<td title='com.selenium.assessment.Login.validateWelcomeAdmin()'><b>validateWelcomeAdmin</b><br>Test class: com.selenium.assessment.Login</td>
<td></td>
<td>0</td>
<td>com.selenium.assessment.Login@1c7696c6</td></tr>
<tr>
<td title='com.selenium.assessment.PageTitle.test_case_one()'><b>test_case_one</b><br>Test class: com.selenium.assessment.PageTitle</td>
<td></td>
<td>13</td>
<td>com.selenium.assessment.PageTitle@6c1a5b54</td></tr>
<tr>
<td title='com.selenium.assessment.AdminTab.validateSearch()'><b>validateSearch</b><br>Test class: com.selenium.assessment.AdminTab</td>
<td></td>
<td>0</td>
<td>com.selenium.assessment.AdminTab@1e6a3214</td></tr>
<tr>
<td title='com.selenium.assessment.Logout.exitApp()'><b>exitApp</b><br>Test class: com.selenium.assessment.Logout</td>
<td></td>
<td>9</td>
<td>com.selenium.assessment.Logout@738dc9b</td></tr>
<tr>
<td title='com.selenium.assessment.AdminTab.test_case_three()'><b>test_case_three</b><br>Test class: com.selenium.assessment.AdminTab</td>
<td></td>
<td>2</td>
<td>com.selenium.assessment.AdminTab@1e6a3214</td></tr>
<tr>
<td title='com.selenium.assessment.AdminTab.validateAdd()'><b>validateAdd</b><br>Test class: com.selenium.assessment.AdminTab</td>
<td></td>
<td>0</td>
<td>com.selenium.assessment.AdminTab@1e6a3214</td></tr>
<tr>
<td title='com.selenium.assessment.AdminTab.validateReset()'><b>validateReset</b><br>Test class: com.selenium.assessment.AdminTab</td>
<td></td>
<td>0</td>
<td>com.selenium.assessment.AdminTab@1e6a3214</td></tr>
<tr>
<td title='com.selenium.assessment.AddButton.validateUrl()'><b>validateUrl</b><br>Test class: com.selenium.assessment.AddButton</td>
<td></td>
<td>0</td>
<td>com.selenium.assessment.AddButton@368247b9</td></tr>
<tr>
<td title='com.selenium.assessment.AdminTab.validateDelete()'><b>validateDelete</b><br>Test class: com.selenium.assessment.AdminTab</td>
<td></td>
<td>0</td>
<td>com.selenium.assessment.AdminTab@1e6a3214</td></tr>
<tr>
<td title='com.selenium.assessment.Login.login()'><b>login</b><br>Test class: com.selenium.assessment.Login<br>Parameters: Admin, admin123</td>
<td></td>
<td>14</td>
<td>com.selenium.assessment.Login@1c7696c6</td></tr>
<tr>
<td title='com.selenium.assessment.Login.validateUrl()'><b>validateUrl</b><br>Test class: com.selenium.assessment.Login</td>
<td></td>
<td>0</td>
<td>com.selenium.assessment.Login@1c7696c6</td></tr>
<tr>
<td title='com.selenium.assessment.Login.validateAdminTab()'><b>validateAdminTab</b><br>Test class: com.selenium.assessment.Login</td>
<td></td>
<td>0</td>
<td>com.selenium.assessment.Login@1c7696c6</td></tr>
<tr>
<td title='com.selenium.assessment.SearchAgain.findUserAgain()'><b>findUserAgain</b><br>Test class: com.selenium.assessment.SearchAgain</td>
<td></td>
<td>7</td>
<td>com.selenium.assessment.SearchAgain@71ba6d4e</td></tr>
<tr>
<td title='com.selenium.assessment.AdminTab.validateAdminUrl()'><b>validateAdminUrl</b><br>Test class: com.selenium.assessment.AdminTab</td>
<td></td>
<td>0</td>
<td>com.selenium.assessment.AdminTab@1e6a3214</td></tr>
<tr>
<td title='com.selenium.assessment.SearchUser.finduser()'><b>finduser</b><br>Test class: com.selenium.assessment.SearchUser</td>
<td></td>
<td>6</td>
<td>com.selenium.assessment.SearchUser@1a942c18</td></tr>
<tr>
<td title='com.selenium.assessment.AddUser.fillUserInfo()'><b>fillUserInfo</b><br>Test class: com.selenium.assessment.AddUser</td>
<td></td>
<td>4</td>
<td>com.selenium.assessment.AddUser@1a6d8329</td></tr>
</table><p>
</body>
</html>