<?xml version="1.0" encoding="UTF-8"?>
<!-- Generated by org.testng.reporters.JUnitXMLReporter -->
<testsuite ignored="2" hostname="LAPTOP-J5FCD780" failures="1" tests="17" name="Test" time="59.074" errors="0" timestamp="2022-01-31T22:36:51 SAST">
  <testcase classname="com.selenium.assessment.PageTitle" name="test_case_one" time="13.107"/>
  <testcase classname="com.selenium.assessment.Login" name="login" time="14.618"/>
  <testcase classname="com.selenium.assessment.Login" name="validateUrl" time="0.007"/>
  <testcase classname="com.selenium.assessment.Login" name="validateAdminTab" time="0.033"/>
  <testcase classname="com.selenium.assessment.Login" name="validateWelcomeAdmin" time="0.022"/>
  <testcase classname="com.selenium.assessment.AdminTab" name="test_case_three" time="2.285"/>
  <testcase classname="com.selenium.assessment.AdminTab" name="validateAdminUrl" time="0.001"/>
  <testcase classname="com.selenium.assessment.AdminTab" name="validateAdd" time="0.025"/>
  <testcase classname="com.selenium.assessment.AdminTab" name="validateDelete" time="0.028"/>
  <testcase classname="com.selenium.assessment.AdminTab" name="validateSearch" time="0.023"/>
  <testcase classname="com.selenium.assessment.AdminTab" name="validateReset" time="0.016"/>
  <testcase classname="com.selenium.assessment.AddButton" name="validateUrl" time="0.004"/>
  <testcase classname="com.selenium.assessment.AddUser" name="fillUserInfo" time="4.45"/>
  <testcase classname="com.selenium.assessment.SearchUser" name="finduser" time="6.683"/>
  <testcase classname="com.selenium.assessment.DeleteUser" name="delete" time="0.011">
    <failure type="org.openqa.selenium.NoSuchElementException" message="no such element: Unable to locate element: {&amp;quot;method&amp;quot;:&amp;quot;css selector&amp;quot;,&amp;quot;selector&amp;quot;:&amp;quot;#ohrmList_chkSelectRecord_39&amp;quot;}
  (Session info: chrome=97.0.4692.99)
For documentation on this error, please visit: https://selenium.dev/exceptions/#no_such_element
Build info: version: &amp;apos;4.1.1&amp;apos;, revision: &amp;apos;e8fcc2cecf&amp;apos;
System info: host: &amp;apos;LAPTOP-J5FCD780&amp;apos;, ip: &amp;apos;192.168.43.111&amp;apos;, os.name: &amp;apos;Windows 10&amp;apos;, os.arch: &amp;apos;amd64&amp;apos;, os.version: &amp;apos;10.0&amp;apos;, java.version: &amp;apos;16.0.2&amp;apos;
Driver info: org.openqa.selenium.chrome.ChromeDriver
Command: [fa3aacfd4130abb07a8197a60a6d9750, findElement {using=id, value=ohrmList_chkSelectRecord_39}]
Capabilities {acceptInsecureCerts: false, browserName: chrome, browserVersion: 97.0.4692.99, chrome: {chromedriverVersion: 97.0.4692.71 (adefa7837d02a..., userDataDir: C:\Users\MOSIMA~1.CHO\AppDa...}, goog:chromeOptions: {debuggerAddress: localhost:50943}, javascriptEnabled: true, networkConnectionEnabled: false, pageLoadStrategy: normal, platform: WINDOWS, platformName: WINDOWS, proxy: Proxy(), se:cdp: ws://localhost:50943/devtoo..., se:cdpVersion: 97.0.4692.99, setWindowRect: true, strictFileInteractability: false, timeouts: {implicit: 0, pageLoad: 300000, script: 30000}, unhandledPromptBehavior: dismiss and notify, webauthn:extension:credBlob: true, webauthn:extension:largeBlob: true, webauthn:virtualAuthenticators: true}
Session ID: fa3aacfd4130abb07a8197a60a6d9750">
      <![CDATA[org.openqa.selenium.NoSuchElementException: no such element: Unable to locate element: {"method":"css selector","selector":"#ohrmList_chkSelectRecord_39"}
  (Session info: chrome=97.0.4692.99)
For documentation on this error, please visit: https://selenium.dev/exceptions/#no_such_element
Build info: version: '4.1.1', revision: 'e8fcc2cecf'
System info: host: 'LAPTOP-J5FCD780', ip: '192.168.43.111', os.name: 'Windows 10', os.arch: 'amd64', os.version: '10.0', java.version: '16.0.2'
Driver info: org.openqa.selenium.chrome.ChromeDriver
Command: [fa3aacfd4130abb07a8197a60a6d9750, findElement {using=id, value=ohrmList_chkSelectRecord_39}]
Capabilities {acceptInsecureCerts: false, browserName: chrome, browserVersion: 97.0.4692.99, chrome: {chromedriverVersion: 97.0.4692.71 (adefa7837d02a..., userDataDir: C:\Users\MOSIMA~1.CHO\AppDa...}, goog:chromeOptions: {debuggerAddress: localhost:50943}, javascriptEnabled: true, networkConnectionEnabled: false, pageLoadStrategy: normal, platform: WINDOWS, platformName: WINDOWS, proxy: Proxy(), se:cdp: ws://localhost:50943/devtoo..., se:cdpVersion: 97.0.4692.99, setWindowRect: true, strictFileInteractability: false, timeouts: {implicit: 0, pageLoad: 300000, script: 30000}, unhandledPromptBehavior: dismiss and notify, webauthn:extension:credBlob: true, webauthn:extension:largeBlob: true, webauthn:virtualAuthenticators: true}
Session ID: fa3aacfd4130abb07a8197a60a6d9750
at org.openqa.selenium.remote.codec.w3c.W3CHttpResponseCodec.createException(W3CHttpResponseCodec.java:200)
at org.openqa.selenium.remote.codec.w3c.W3CHttpResponseCodec.decode(W3CHttpResponseCodec.java:133)
at org.openqa.selenium.remote.codec.w3c.W3CHttpResponseCodec.decode(W3CHttpResponseCodec.java:53)
at org.openqa.selenium.remote.HttpCommandExecutor.execute(HttpCommandExecutor.java:184)
at org.openqa.selenium.remote.service.DriverCommandExecutor.invokeExecute(DriverCommandExecutor.java:167)
at org.openqa.selenium.remote.service.DriverCommandExecutor.execute(DriverCommandExecutor.java:142)
at org.openqa.selenium.remote.RemoteWebDriver.execute(RemoteWebDriver.java:543)
at org.openqa.selenium.remote.ElementLocation$ElementFinder$2.findElement(ElementLocation.java:162)
at org.openqa.selenium.remote.ElementLocation.findElement(ElementLocation.java:60)
at org.openqa.selenium.remote.RemoteWebDriver.findElement(RemoteWebDriver.java:367)
at org.openqa.selenium.remote.RemoteWebDriver.findElement(RemoteWebDriver.java:359)
at com.selenium.assessment.DeleteUser.delete(DeleteUser.java:18)
at java.base/java.util.ArrayList.forEach(ArrayList.java:1511)
... Removed 32 stack frames]]>
    </failure>
  </testcase> <!-- delete -->
  <testcase classname="com.selenium.assessment.SearchAgain" name="findUserAgain" time="7.947"/>
  <testcase classname="com.selenium.assessment.Logout" name="exitApp" time="9.777"/>
  <testcase classname="com.selenium.assessment.Config" name="@AfterSuite cleanUp" time="0.0">
    <ignored/>
  </testcase> <!-- @AfterSuite cleanUp -->
  <testcase classname="com.selenium.assessment.Config" name="@BeforeSuite setup" time="0.0">
    <ignored/>
  </testcase> <!-- @BeforeSuite setup -->
</testsuite> <!-- Test -->
